<?xml version="1.0" encoding="UTF-8"?>
<!-- Generated by org.testng.reporters.JUnitReportReporter -->
<testsuite hostname="DESKTOP-QPLUSL4" failures="0" tests="1" name="utilis.Utility" time="1.418" errors="0" timestamp="2022-03-20T18:38:51 IST" skipped="0">
  <testcase classname="utilis.Utility" name="getDataFromExcel" time="1.418"/>
  <system-out/>
</testsuite> <!-- utilis.Utility -->
