<?xml version="1.0" encoding="UTF-8"?>
<!-- Generated by org.testng.reporters.JUnitReportReporter -->
<testsuite hostname="DESKTOP-QPLUSL4" failures="0" tests="1" name="testPack.TestClass" time="3.357" errors="0" timestamp="2022-03-12T20:15:59 IST" skipped="0">
  <testcase classname="testPack.TestClass" name="custemerName" time="3.357"/>
  <system-out/>
</testsuite> <!-- testPack.TestClass -->
