<?xml version="1.0" encoding="UTF-8"?>
<!-- Generated by org.testng.reporters.JUnitReportReporter -->
<testsuite hostname="DESKTOP-QPLUSL4" failures="0" tests="4" name="testPack.VerifyHeaderTabs" time="25.124" errors="0" timestamp="2022-03-20T18:41:11 IST" skipped="0">
  <testcase classname="testPack.VerifyHeaderTabs" name="verifyTaskTab" time="6.323"/>
  <system-out/>
  <testcase classname="testPack.VerifyHeaderTabs" name="verifyTaskTab" time="6.848"/>
  <system-out/>
  <testcase classname="testPack.VerifyHeaderTabs" name="verifyTimeTrackTab" time="6.759"/>
  <system-out/>
  <testcase classname="testPack.VerifyHeaderTabs" name="verifyTimeTrackTab" time="5.194"/>
  <system-out/>
</testsuite> <!-- testPack.VerifyHeaderTabs -->
