<?xml version="1.0" encoding="UTF-8"?>
<!-- Generated by org.testng.reporters.JUnitReportReporter -->
<testsuite hostname="DESKTOP-QPLUSL4" failures="0" tests="2" name="testPack.TestClass2" time="4.254" errors="0" timestamp="2022-03-12T20:15:59 IST" skipped="0">
  <testcase classname="testPack.TestClass2" name="verifyTimeTrackTab" time="1.199"/>
  <system-out/>
  <testcase classname="testPack.TestClass2" name="verifyTaskTab" time="3.055"/>
  <system-out/>
</testsuite> <!-- testPack.TestClass2 -->
