<?xml version="1.0" encoding="UTF-8"?>
<!-- Generated by org.testng.reporters.JUnitReportReporter -->
<testsuite hostname="DESKTOP-QPLUSL4" failures="0" tests="2" name="testPack.General123" time="0.000" errors="0" timestamp="2022-03-12T23:53:34 IST" skipped="2">
  <testcase classname="testPack.General123" name="test1" time="0.000">
    <skipped/>
  </testcase> <!-- test1 -->
  <system-out/>
  <testcase classname="testPack.General123" name="test" time="0.000">
    <skipped/>
  </testcase> <!-- test -->
  <system-out/>
</testsuite> <!-- testPack.General123 -->
