<?xml version="1.0" encoding="UTF-8"?>
<!-- Generated by org.testng.reporters.JUnitReportReporter -->
<testsuite hostname="DESKTOP-QPLUSL4" failures="0" tests="2" name="testPack.VerifyUserCreated" time="13.958" errors="0" timestamp="2022-03-20T18:41:11 IST" skipped="0">
  <testcase classname="testPack.VerifyUserCreated" name="custemerName" time="8.205"/>
  <system-out/>
  <testcase classname="testPack.VerifyUserCreated" name="custemerName" time="5.753"/>
  <system-out/>
</testsuite> <!-- testPack.VerifyUserCreated -->
