<?xml version="1.0" encoding="UTF-8"?>
<!-- Generated by org.testng.reporters.JUnitReportReporter -->
<testsuite hostname="DESKTOP-QPLUSL4" failures="0" tests="2" name="testPack.VerifyUserCreated" time="15.464" errors="0" timestamp="2022-03-27T21:09:38 IST" skipped="0">
  <testcase classname="testPack.VerifyUserCreated" name="custemerName" time="4.890"/>
  <system-out/>
  <testcase classname="testPack.VerifyUserCreated" name="custemerName" time="10.574"/>
  <system-out/>
</testsuite> <!-- testPack.VerifyUserCreated -->
