<?xml version="1.0" encoding="UTF-8"?>
<!-- Generated by org.testng.reporters.JUnitReportReporter -->
<testsuite hostname="DESKTOP-QPLUSL4" failures="0" tests="4" name="testPack.General" time="0.021" errors="0" timestamp="2022-03-12T23:39:32 IST" skipped="0">
  <testcase classname="testPack.General" name="test" time="0.005"/>
  <system-out/>
  <testcase classname="testPack.General" name="test1" time="0.002"/>
  <system-out/>
  <testcase classname="testPack.General" name="test1" time="0.010"/>
  <system-out/>
  <testcase classname="testPack.General" name="test" time="0.004"/>
  <system-out/>
</testsuite> <!-- testPack.General -->
